59 [INFO] ImportFBX: esqueleto con 21 hueso(s)
65 [INFO] ImportFBX: 1 animacion(es) importada(s)
66 [INFO] ImportFBX: 1 malla(s) importada(s) de /home/dante/Documentos/test/silent-hill-1-lisa-garland/source/LISA_SH1/LISA.fbx
66 [INFO] FBX imported successfully!
67 [INFO] ImportFBX: esqueleto con 21 hueso(s)
73 [INFO] ImportFBX: 1 animacion(es) importada(s)
74 [INFO] ImportFBX: 1 malla(s) importada(s) de /home/dante/Documentos/test/silent-hill-1-lisa-garland/source/LISA_SH1/LISA.fbx
74 [INFO] FBX imported successfully!
61 [INFO] ImportFBX: esqueleto con 21 hueso(s)
67 [INFO] ImportFBX: 1 animacion(es) importada(s)
69 [INFO] ImportFBX: 1 malla(s) importada(s) de /home/dante/Documentos/test/silent-hill-1-lisa-garland/source/LISA_SH1/LISA.fbx
69 [INFO] FBX imported successfully!
69 [INFO] ImportFBX: esqueleto con 21 hueso(s)
76 [INFO] ImportFBX: 1 animacion(es) importada(s)
78 [INFO] ImportFBX: 1 malla(s) importada(s) de /home/dante/Documentos/test/silent-hill-1-lisa-garland/source/LISA_SH1/LISA.fbx
78 [INFO] FBX imported successfully!
60 [INFO] ImportFBX: esqueleto con 21 hueso(s)
65 [INFO] ImportFBX: 1 animacion(es) importada(s)
66 [INFO] ImportFBX: 1 malla(s) importada(s) de /home/dante/Documentos/test/silent-hill-1-lisa-garland/source/LISA_SH1/LISA.fbx
66 [INFO] FBX imported successfully!
71 [INFO] ImportFBX: esqueleto con 21 hueso(s)
79 [INFO] ImportFBX: 1 animacion(es) importada(s)
80 [INFO] ImportFBX: 1 malla(s) importada(s) de /home/dante/Documentos/test/silent-hill-1-lisa-garland/source/LISA_SH1/LISA.fbx
80 [INFO] FBX imported successfully!
63 [INFO] ImportFBX: esqueleto con 21 hueso(s)
69 [INFO] ImportFBX: 1 animacion(es) importada(s)
70 [INFO] ImportFBX: 1 malla(s) importada(s) de /home/dante/Documentos/test/silent-hill-1-lisa-garland/source/LISA_SH1/LISA.fbx
70 [INFO] FBX imported successfully!
67 [INFO] ImportFBX: esqueleto con 21 hueso(s)
73 [INFO] ImportFBX: 1 animacion(es) importada(s)
75 [INFO] ImportFBX: 1 malla(s) importada(s) de /home/dante/Documentos/test/silent-hill-1-lisa-garland/source/LISA_SH1/LISA.fbx
75 [INFO] FBX imported successfully!
114 [INFO] ImportFBX: esqueleto con 97 hueso(s)
127 [INFO] ImportFBX: 3 animacion(es) importada(s)
337 [INFO] ImportFBX: 1 malla(s) importada(s) de /home/dante/Documentos/test/banana-dancing-fortnite/source/BananaDancing.fbx
337 [INFO] FBX imported successfully!
99 [INFO] ImportFBX: esqueleto con 97 hueso(s)
110 [INFO] ImportFBX: 3 animacion(es) importada(s)
291 [INFO] ImportFBX: 1 malla(s) importada(s) de /home/dante/Documentos/test/banana-dancing-fortnite/source/BananaDancing.fbx
292 [INFO] FBX imported successfully!
104 [INFO] ImportFBX: esqueleto con 97 hueso(s)
113 [INFO] ImportFBX: 3 animacion(es) importada(s)
257 [INFO] ImportFBX: 1 malla(s) importada(s) de /home/dante/Documentos/test/banana-dancing-fortnite/source/BananaDancing.fbx
257 [INFO] FBX imported successfully!
